<?xml version="1.0" encoding="UTF-8"?>
<testng-results ignored="0" total="1" passed="1" failed="0" skipped="0">
  <reporter-output>
  </reporter-output>
  <suite started-at="2022-02-13T21:00:56 IST" name="Default suite" finished-at="2022-02-13T21:01:01 IST" duration-ms="4293">
    <groups>
    </groups>
    <test started-at="2022-02-13T21:00:56 IST" name="Default test" finished-at="2022-02-13T21:01:01 IST" duration-ms="4293">
      <class name="practiceTest.AddProjWithInValidStatusTest">
        <test-method signature="createProj()[pri:0, instance:practiceTest.AddProjWithInValidStatusTest@2abf4075]" started-at="2022-02-13T21:00:56 IST" name="createProj" finished-at="2022-02-13T21:01:00 IST" duration-ms="4218" status="PASS">
          <reporter-output>
          </reporter-output>
        </test-method> <!-- createProj -->
      </class> <!-- practiceTest.AddProjWithInValidStatusTest -->
    </test> <!-- Default test -->
  </suite> <!-- Default suite -->
</testng-results>
